2025-08-10 14:41:37,786 - INFO - ============================================================
2025-08-10 14:41:37,786 - INFO - API Logging Started - Title to Abstract Fetcher
2025-08-10 14:41:37,786 - INFO - ============================================================
2025-08-10 14:41:37,795 - INFO - Making API request to: https://api.crossref.org/works?query.title="FaaSCtrl%3A%20A%20Comprehensive-Latency%20Controller%20for%20Serverless%20Platforms"&rows=5&sort=relevance
2025-08-10 14:41:39,072 - INFO - API_CALL | URL: https://api.crossref.org/works?query.title="FaaSCtrl%3A%20A%20Comprehensive-Latency%20Controller%20for%20Serverless%20Platforms"&rows=5&sort=relevance | Response_Time: 1.28s | Status: 200 | Title: FaaSCtrl: A Comprehensive-Latency Controller for S... | Success: True
2025-08-10 14:41:39,073 - INFO - API_RESPONSE | Total results: 446406 | Items returned: 5
2025-08-10 14:41:39,074 - INFO - MATCH_FOUND | Original: FaaSCtrl: A Comprehensive-Late... | Matched: FaaSCtrl: A Comprehensive-Late...
2025-08-10 14:41:39,074 - INFO - ABSTRACT_EMPTY | Abstract field exists but is empty
2025-08-10 14:41:39,577 - INFO - Making API request to: https://api.crossref.org/works?query.title="Caching%20Techniques%20to%20Improve%20Latency%20in%20Serverless%20Architectures"&rows=5&sort=relevance
2025-08-10 14:41:40,786 - INFO - API_CALL | URL: https://api.crossref.org/works?query.title="Caching%20Techniques%20to%20Improve%20Latency%20in%20Serverless%20Architectures"&rows=5&sort=relevance | Response_Time: 1.21s | Status: 200 | Title: Caching Techniques to Improve Latency in Serverles... | Success: True
2025-08-10 14:41:40,787 - INFO - API_RESPONSE | Total results: 851137 | Items returned: 5
2025-08-10 14:41:40,787 - INFO - MATCH_FOUND | Original: Caching Techniques to Improve ... | Matched: Caching Techniques to Improve ...
2025-08-10 14:41:40,787 - INFO - ABSTRACT_EMPTY | Abstract field exists but is empty
2025-08-10 14:41:41,292 - INFO - Making API request to: https://api.crossref.org/works?query.title="Towards%20Latency-Aware%20Linux%20Scheduling%20for%20Serverless%20Workloads"&rows=5&sort=relevance
2025-08-10 14:41:45,191 - INFO - API_CALL | URL: https://api.crossref.org/works?query.title="Towards%20Latency-Aware%20Linux%20Scheduling%20for%20Serverless%20Workloads"&rows=5&sort=relevance | Response_Time: 3.90s | Status: 200 | Title: Towards Latency-Aware Linux Scheduling for Serverl... | Success: True
2025-08-10 14:41:45,192 - INFO - API_RESPONSE | Total results: 748932 | Items returned: 5
2025-08-10 14:41:45,192 - INFO - MATCH_FOUND | Original: Towards Latency-Aware Linux Sc... | Matched: Towards Latency-Aware Linux Sc...
2025-08-10 14:41:45,193 - INFO - ABSTRACT_EMPTY | Abstract field exists but is empty
2025-08-10 14:41:45,700 - INFO - Making API request to: https://api.crossref.org/works?query.title="Analyzing%20Tail%20Latency%20in%20Serverless%20Clouds%20with%20STeLLAR"&rows=5&sort=relevance
2025-08-10 14:41:46,879 - INFO - API_CALL | URL: https://api.crossref.org/works?query.title="Analyzing%20Tail%20Latency%20in%20Serverless%20Clouds%20with%20STeLLAR"&rows=5&sort=relevance | Response_Time: 1.18s | Status: 200 | Title: Analyzing Tail Latency in Serverless Clouds with S... | Success: True
2025-08-10 14:41:46,879 - INFO - API_RESPONSE | Total results: 233018 | Items returned: 5
2025-08-10 14:41:46,879 - INFO - MATCH_FOUND | Original: Analyzing Tail Latency in Serv... | Matched: Analyzing Tail Latency in Serv...
2025-08-10 14:41:46,880 - INFO - ABSTRACT_EMPTY | Abstract field exists but is empty
2025-08-10 14:41:47,384 - INFO - Making API request to: https://api.crossref.org/works?query.title="A%20Review%3A%20Cold%20Start%20Latency%20in%20Serverless%20Computing"&rows=5&sort=relevance
2025-08-10 14:41:49,386 - INFO - API_CALL | URL: https://api.crossref.org/works?query.title="A%20Review%3A%20Cold%20Start%20Latency%20in%20Serverless%20Computing"&rows=5&sort=relevance | Response_Time: 2.00s | Status: 200 | Title: A Review: Cold Start Latency in Serverless Computi... | Success: True
2025-08-10 14:41:49,388 - INFO - API_RESPONSE | Total results: 3288270 | Items returned: 5
2025-08-10 14:41:49,389 - INFO - MATCH_FOUND | Original: A Review: Cold Start Latency i... | Matched: A Review: Cold Start Latency i...
2025-08-10 14:41:49,389 - INFO - ABSTRACT_EMPTY | Abstract field exists but is empty
