2025-08-10 15:02:39,334 - INFO - ============================================================
2025-08-10 15:02:39,334 - INFO - API Logging Started - Title to Abstract Fetcher
2025-08-10 15:02:39,334 - INFO - ============================================================
2025-08-10 15:02:39,341 - INFO - Making API request to: https://api.crossref.org/works?query=FaaSCtrl: A Comprehensive-Latency Controller for Serverless Platforms
2025-08-10 15:02:49,665 - INFO - API_CALL | URL: https://api.crossref.org/works?query=FaaSCtrl: A Comprehensive-Latency Controller for Serverless Platforms | Response_Time: 10.32s | Status: 200 | Title: FaaSCtrl: A Comprehensive-Latency Controller for S... | Success: True
2025-08-10 15:02:49,667 - INFO - API_RESPONSE | Total results: 568364 | Items returned: 20
2025-08-10 15:02:49,667 - INFO - MATCH_FOUND | Original: FaaSCtrl: A Comprehensive-Late... | Matched: FaaSCtrl: A Comprehensive-Late...
2025-08-10 15:02:49,668 - INFO - ABSTRACT_METHOD | Direct abstract field found
2025-08-10 15:02:49,668 - INFO - ABSTRACT_SUCCESS | Length: 1815 chars
2025-08-10 15:02:50,176 - INFO - Making API request to: https://api.crossref.org/works?query=Caching Techniques to Improve Latency in Serverless Architectures
2025-08-10 15:02:54,746 - INFO - API_CALL | URL: https://api.crossref.org/works?query=Caching Techniques to Improve Latency in Serverless Architectures | Response_Time: 4.57s | Status: 200 | Title: Caching Techniques to Improve Latency in Serverles... | Success: True
2025-08-10 15:02:54,749 - INFO - API_RESPONSE | Total results: 1210247 | Items returned: 20
2025-08-10 15:02:54,749 - INFO - MATCH_FOUND | Original: Caching Techniques to Improve ... | Matched: Caching Techniques to Improve ...
2025-08-10 15:02:54,749 - INFO - ABSTRACT_EMPTY | Abstract field exists but is empty
2025-08-10 15:02:55,258 - INFO - Making API request to: https://api.crossref.org/works?query=Towards Latency-Aware Linux Scheduling for Serverless Workloads
2025-08-10 15:02:58,775 - INFO - API_CALL | URL: https://api.crossref.org/works?query=Towards Latency-Aware Linux Scheduling for Serverless Workloads | Response_Time: 3.52s | Status: 200 | Title: Towards Latency-Aware Linux Scheduling for Serverl... | Success: True
2025-08-10 15:02:58,777 - INFO - API_RESPONSE | Total results: 844834 | Items returned: 20
2025-08-10 15:02:58,777 - INFO - MATCH_FOUND | Original: Towards Latency-Aware Linux Sc... | Matched: Towards Latency-Aware Linux Sc...
2025-08-10 15:02:58,778 - INFO - ABSTRACT_EMPTY | Abstract field exists but is empty
2025-08-10 15:02:59,282 - INFO - Making API request to: https://api.crossref.org/works?query=Analyzing Tail Latency in Serverless Clouds with STeLLAR
2025-08-10 15:03:00,635 - INFO - API_CALL | URL: https://api.crossref.org/works?query=Analyzing Tail Latency in Serverless Clouds with STeLLAR | Response_Time: 1.35s | Status: 200 | Title: Analyzing Tail Latency in Serverless Clouds with S... | Success: True
2025-08-10 15:03:00,637 - INFO - API_RESPONSE | Total results: 265786 | Items returned: 20
2025-08-10 15:03:00,638 - INFO - MATCH_FOUND | Original: Analyzing Tail Latency in Serv... | Matched: Analyzing Tail Latency in Serv...
2025-08-10 15:03:00,638 - INFO - ABSTRACT_EMPTY | Abstract field exists but is empty
2025-08-10 15:03:01,145 - INFO - Making API request to: https://api.crossref.org/works?query=A Review: Cold Start Latency in Serverless Computing
2025-08-10 15:03:03,022 - INFO - API_CALL | URL: https://api.crossref.org/works?query=A Review: Cold Start Latency in Serverless Computing | Response_Time: 1.88s | Status: 200 | Title: A Review: Cold Start Latency in Serverless Computi... | Success: True
2025-08-10 15:03:03,024 - INFO - API_RESPONSE | Total results: 8140154 | Items returned: 20
2025-08-10 15:03:03,024 - INFO - MATCH_FOUND | Original: A Review: Cold Start Latency i... | Matched: A Review: Cold Start Latency i...
2025-08-10 15:03:03,024 - INFO - ABSTRACT_EMPTY | Abstract field exists but is empty
