2025-08-10 14:57:16,543 - INFO - ============================================================
2025-08-10 14:57:16,544 - INFO - API Logging Started - Title to Abstract Fetcher
2025-08-10 14:57:16,544 - INFO - ============================================================
2025-08-10 14:57:16,549 - INFO - Making API request to: https://api.crossref.org/works?query=FaaSCtrl: A Comprehensive-Latency Controller for Serverless Platforms
2025-08-10 14:57:20,392 - INFO - API_CALL | URL: https://api.crossref.org/works?query=FaaSCtrl: A Comprehensive-Latency Controller for Serverless Platforms | Response_Time: 3.84s | Status: 200 | Title: FaaSCtrl: A Comprehensive-Latency Controller for S... | Success: True
2025-08-10 14:57:20,394 - INFO - API_RESPONSE | Total results: 568364 | Items returned: 20
2025-08-10 14:57:20,395 - INFO - MATCH_FOUND | Original: FaaSCtrl: A Comprehensive-Late... | Matched: FaaSCtrl: A Comprehensive-Late...
2025-08-10 14:57:20,395 - INFO - ABSTRACT_METHOD | Direct abstract field found
2025-08-10 14:57:20,395 - INFO - ABSTRACT_SUCCESS | Length: 1815 chars
2025-08-10 14:57:20,901 - INFO - Making API request to: https://api.crossref.org/works?query=Caching Techniques to Improve Latency in Serverless Architectures
2025-08-10 14:57:22,061 - INFO - API_CALL | URL: https://api.crossref.org/works?query=Caching Techniques to Improve Latency in Serverless Architectures | Response_Time: 1.16s | Status: 200 | Title: Caching Techniques to Improve Latency in Serverles... | Success: True
2025-08-10 14:57:22,062 - INFO - API_RESPONSE | Total results: 1210247 | Items returned: 20
2025-08-10 14:57:22,062 - INFO - MATCH_FOUND | Original: Caching Techniques to Improve ... | Matched: Caching Techniques to Improve ...
2025-08-10 14:57:22,062 - INFO - ABSTRACT_EMPTY | Abstract field exists but is empty
2025-08-10 14:57:22,568 - INFO - Making API request to: https://api.crossref.org/works?query=Towards Latency-Aware Linux Scheduling for Serverless Workloads
2025-08-10 14:57:24,226 - INFO - API_CALL | URL: https://api.crossref.org/works?query=Towards Latency-Aware Linux Scheduling for Serverless Workloads | Response_Time: 1.66s | Status: 200 | Title: Towards Latency-Aware Linux Scheduling for Serverl... | Success: True
2025-08-10 14:57:24,228 - INFO - API_RESPONSE | Total results: 844834 | Items returned: 20
2025-08-10 14:57:24,228 - INFO - MATCH_FOUND | Original: Towards Latency-Aware Linux Sc... | Matched: Towards Latency-Aware Linux Sc...
2025-08-10 14:57:24,228 - INFO - ABSTRACT_EMPTY | Abstract field exists but is empty
2025-08-10 14:57:24,735 - INFO - Making API request to: https://api.crossref.org/works?query=Analyzing Tail Latency in Serverless Clouds with STeLLAR
2025-08-10 14:57:27,501 - INFO - API_CALL | URL: https://api.crossref.org/works?query=Analyzing Tail Latency in Serverless Clouds with STeLLAR | Response_Time: 2.77s | Status: 200 | Title: Analyzing Tail Latency in Serverless Clouds with S... | Success: True
2025-08-10 14:57:27,501 - INFO - API_RESPONSE | Total results: 265786 | Items returned: 20
2025-08-10 14:57:27,502 - INFO - MATCH_FOUND | Original: Analyzing Tail Latency in Serv... | Matched: Analyzing Tail Latency in Serv...
2025-08-10 14:57:27,502 - INFO - ABSTRACT_EMPTY | Abstract field exists but is empty
2025-08-10 14:57:28,013 - INFO - Making API request to: https://api.crossref.org/works?query=A Review: Cold Start Latency in Serverless Computing
2025-08-10 14:57:31,267 - INFO - API_CALL | URL: https://api.crossref.org/works?query=A Review: Cold Start Latency in Serverless Computing | Response_Time: 3.25s | Status: 200 | Title: A Review: Cold Start Latency in Serverless Computi... | Success: True
2025-08-10 14:57:31,270 - INFO - API_RESPONSE | Total results: 8140154 | Items returned: 20
2025-08-10 14:57:31,271 - INFO - MATCH_FOUND | Original: A Review: Cold Start Latency i... | Matched: A Review: Cold Start Latency i...
2025-08-10 14:57:31,271 - INFO - ABSTRACT_EMPTY | Abstract field exists but is empty
